Release 14.7 - ngc2edif P.20131013 (lin64)
Copyright (c) 1995-2013 Xilinx, Inc.  All rights reserved.
Reading design EN_top.ngc ...
WARNING:NetListWriters:298 - No output is written to EN_top.xncf, ignored.
Processing design ...
   Preping design's networks ...
   Preping design's macros ...
  finished :Prep
Writing EDIF netlist file EN_top.edif ...
ngc2edif: Total memory usage is 91696 kilobytes

Release 14.7 - ngc2edif P.20131013 (lin64)
Copyright (c) 1995-2013 Xilinx, Inc.  All rights reserved.
Reading design EN_top.ngc ...
WARNING:NetListWriters:298 - No output is written to EN_top.xncf, ignored.
Processing design ...
   Preping design's networks ...
   Preping design's macros ...
  finished :Prep
Writing EDIF netlist file EN_top.edif ...
ngc2edif: Total memory usage is 91696 kilobytes

Release 14.7 - ngc2edif P.20131013 (lin64)
Copyright (c) 1995-2013 Xilinx, Inc.  All rights reserved.
Reading design Rotor_top.ngc ...
WARNING:NetListWriters:298 - No output is written to Rotor_top.xncf, ignored.
Processing design ...
   Preping design's networks ...
   Preping design's macros ...
WARNING:NetListWriters:306 - Signal bus
   rot1/Msub_GND_16_o_GND_16_o_sub_30_OUT<5:0>_lut<5 : 2> on block Rotor_top is
   not reconstructed, because there are some missing bus signals.
WARNING:NetListWriters:306 - Signal bus
   rot1/Msub_GND_16_o_GND_16_o_sub_23_OUT<5:0>_lut<5 : 2> on block Rotor_top is
   not reconstructed, because there are some missing bus signals.
WARNING:NetListWriters:306 - Signal bus
   rot1/Msub_GND_16_o_GND_16_o_sub_29_OUT<5:0>_lut<3 : 1> on block Rotor_top is
   not reconstructed, because there are some missing bus signals.
WARNING:NetListWriters:306 - Signal bus rot1/x2[5]_Q_INT[5]_add_9_OUT<5 : 0> on
   block Rotor_top is not reconstructed, because there are some missing bus
   signals.
WARNING:NetListWriters:306 - Signal bus rot1/x1[5]_Q_INT[5]_add_3_OUT<5 : 0> on
   block Rotor_top is not reconstructed, because there are some missing bus
   signals.
  finished :Prep
Writing EDIF netlist file Rotor_top.edif ...
ngc2edif: Total memory usage is 91912 kilobytes

Release 14.7 - ngc2edif P.20131013 (lin64)
Copyright (c) 1995-2013 Xilinx, Inc.  All rights reserved.
Reading design Rotor_top.ngc ...
WARNING:NetListWriters:298 - No output is written to Rotor_top.xncf, ignored.
Processing design ...
   Preping design's networks ...
   Preping design's macros ...
WARNING:NetListWriters:306 - Signal bus
   rot1/Msub_GND_16_o_GND_16_o_sub_30_OUT<5:0>_lut<5 : 2> on block Rotor_top is
   not reconstructed, because there are some missing bus signals.
WARNING:NetListWriters:306 - Signal bus
   rot1/Msub_GND_16_o_GND_16_o_sub_23_OUT<5:0>_lut<5 : 2> on block Rotor_top is
   not reconstructed, because there are some missing bus signals.
WARNING:NetListWriters:306 - Signal bus
   rot1/Msub_GND_16_o_GND_16_o_sub_29_OUT<5:0>_lut<3 : 1> on block Rotor_top is
   not reconstructed, because there are some missing bus signals.
WARNING:NetListWriters:306 - Signal bus rot1/x2[5]_Q_INT[5]_add_9_OUT<5 : 0> on
   block Rotor_top is not reconstructed, because there are some missing bus
   signals.
WARNING:NetListWriters:306 - Signal bus rot1/x1[5]_Q_INT[5]_add_3_OUT<5 : 0> on
   block Rotor_top is not reconstructed, because there are some missing bus
   signals.
  finished :Prep
Writing EDIF netlist file Rotor_top.edif ...
ngc2edif: Total memory usage is 91912 kilobytes

Release 14.7 - ngc2edif P.20131013 (lin64)
Copyright (c) 1995-2013 Xilinx, Inc.  All rights reserved.
Reading design Rotor_top.ngc ...
WARNING:NetListWriters:298 - No output is written to Rotor_top.xncf, ignored.
Processing design ...
   Preping design's networks ...
   Preping design's macros ...
WARNING:NetListWriters:306 - Signal bus
   rot1/Msub_GND_16_o_GND_16_o_sub_30_OUT<5:0>_lut<5 : 2> on block Rotor_top is
   not reconstructed, because there are some missing bus signals.
WARNING:NetListWriters:306 - Signal bus
   rot1/Msub_GND_16_o_GND_16_o_sub_23_OUT<5:0>_lut<5 : 2> on block Rotor_top is
   not reconstructed, because there are some missing bus signals.
WARNING:NetListWriters:306 - Signal bus
   rot1/Msub_GND_16_o_GND_16_o_sub_29_OUT<5:0>_lut<3 : 1> on block Rotor_top is
   not reconstructed, because there are some missing bus signals.
WARNING:NetListWriters:306 - Signal bus rot1/x2[5]_Q_INT[5]_add_9_OUT<5 : 0> on
   block Rotor_top is not reconstructed, because there are some missing bus
   signals.
WARNING:NetListWriters:306 - Signal bus rot1/x1[5]_Q_INT[5]_add_3_OUT<5 : 0> on
   block Rotor_top is not reconstructed, because there are some missing bus
   signals.
  finished :Prep
Writing EDIF netlist file Rotor_top.edif ...
ngc2edif: Total memory usage is 91908 kilobytes

Release 14.7 - ngc2edif P.20131013 (lin64)
Copyright (c) 1995-2013 Xilinx, Inc.  All rights reserved.
Reading design Rotor_top.ngc ...
WARNING:NetListWriters:298 - No output is written to Rotor_top.xncf, ignored.
Processing design ...
   Preping design's networks ...
   Preping design's macros ...
WARNING:NetListWriters:306 - Signal bus
   rot1/Msub_GND_16_o_GND_16_o_sub_30_OUT<5:0>_lut<5 : 2> on block Rotor_top is
   not reconstructed, because there are some missing bus signals.
WARNING:NetListWriters:306 - Signal bus
   rot1/Msub_GND_16_o_GND_16_o_sub_23_OUT<5:0>_lut<5 : 2> on block Rotor_top is
   not reconstructed, because there are some missing bus signals.
WARNING:NetListWriters:306 - Signal bus
   rot1/Msub_GND_16_o_GND_16_o_sub_29_OUT<5:0>_lut<3 : 1> on block Rotor_top is
   not reconstructed, because there are some missing bus signals.
WARNING:NetListWriters:306 - Signal bus rot1/x2[5]_Q_INT[5]_add_9_OUT<5 : 0> on
   block Rotor_top is not reconstructed, because there are some missing bus
   signals.
WARNING:NetListWriters:306 - Signal bus rot1/x1[5]_Q_INT[5]_add_3_OUT<5 : 0> on
   block Rotor_top is not reconstructed, because there are some missing bus
   signals.
  finished :Prep
Writing EDIF netlist file Rotor_top.edif ...
ngc2edif: Total memory usage is 91908 kilobytes

