#-----------------------------------------------------------
# PlanAhead v14.7 (64-bit)
# Build 321239 by xbuild on Fri Sep 27 19:24:36 MDT 2013
# Start of session at: Wed Dec 27 22:36:46 2023
# Process ID: 41675
# Log file: /home/kacper/Programs/Enigma/FPGA/Enigma/planAhead_run_1/planAhead.log
# Journal file: /home/kacper/Programs/Enigma/FPGA/Enigma/planAhead_run_1/planAhead.jou
#-----------------------------------------------------------
INFO: [Common 17-78] Attempting to get a license: PlanAhead
INFO: [Common 17-290] Got license for PlanAhead
INFO: [Common 17-86] Your PlanAhead license expires in 4 day(s)
INFO: [Device 21-36] Loading parts and site information from /opt/Xilinx/14.7/ISE_DS/PlanAhead/data/parts/arch.xml
Parsing RTL primitives file [/opt/Xilinx/14.7/ISE_DS/PlanAhead/data/parts/xilinx/rtl/prims/rtl_prims.xml]
Finished parsing RTL primitives file [/opt/Xilinx/14.7/ISE_DS/PlanAhead/data/parts/xilinx/rtl/prims/rtl_prims.xml]
start_gui
source /home/kacper/Programs/Enigma/FPGA/Enigma/pa.fromHdl.tcl
# create_project -name Enigma -dir "/home/kacper/Programs/Enigma/FPGA/Enigma/planAhead_run_2" -part xc6slx16csg324-3
# set_param project.pinAheadLayout yes
# set srcset [get_property srcset [current_run -impl]]
# set_property target_constrs_file "Nexys3_master.ucf" [current_fileset -constrset]
Adding file '/home/kacper/Programs/Enigma/FPGA/Enigma/Nexys3_master.ucf' to fileset 'constrs_1'
# set hdlfile [add_files [list {EN_top.vhd}]]
# set_property file_type VHDL $hdlfile
# set_property library work $hdlfile
# set_property top EN_top $srcset
# add_files [list {Nexys3_master.ucf}] -fileset [get_property constrset [current_run]]
# open_rtl_design -part xc6slx16csg324-3
Using Verific elaboration
Parsing VHDL file "/opt/Xilinx/14.7/ISE_DS/PlanAhead/data/parts/xilinx/rtl/lib/synplify/synattr.vhd" into library synplify
Parsing VHDL file "/opt/Xilinx/14.7/ISE_DS/PlanAhead/data/parts/xilinx/rtl/lib/synplify/synattr.vhd" into library synplify
Parsing VHDL file "/home/kacper/Programs/Enigma/FPGA/Enigma/EN_top.vhd" into library work
Loading clock regions from /opt/Xilinx/14.7/ISE_DS/PlanAhead/data/parts/xilinx/spartan6/spartan6lx/xc6slx16/ClockRegion.xml
Loading clock buffers from /opt/Xilinx/14.7/ISE_DS/PlanAhead/data/parts/xilinx/spartan6/spartan6lx/xc6slx16/ClockBuffers.xml
Loading package pin functions from /opt/Xilinx/14.7/ISE_DS/PlanAhead/data/parts/xilinx/spartan6/PinFunctions.xml...
Loading package from /opt/Xilinx/14.7/ISE_DS/PlanAhead/data/parts/xilinx/spartan6/spartan6lx/xc6slx16/csg324/Package.xml
Loading io standards from /opt/Xilinx/14.7/ISE_DS/PlanAhead/data/./parts/xilinx/spartan6/IOStandards.xml
Loading device configuration modes from /opt/Xilinx/14.7/ISE_DS/PlanAhead/data/parts/xilinx/spartan6/ConfigModes.xml
Loading list of drcs for the architecture : /opt/Xilinx/14.7/ISE_DS/PlanAhead/data/./parts/xilinx/spartan6/drc.xml
Parsing UCF File [/home/kacper/Programs/Enigma/FPGA/Enigma/Nexys3_master.ucf]
CRITICAL WARNING: [Constraints 18-11] Could not find net or pin 'clk<0>' [/home/kacper/Programs/Enigma/FPGA/Enigma/Nexys3_master.ucf:148]
CRITICAL WARNING: [Constraints 18-11] Could not find net or pin 'clk<0>' [/home/kacper/Programs/Enigma/FPGA/Enigma/Nexys3_master.ucf:148]
CRITICAL WARNING: [Constraints 18-11] Could not find net or pin 'clr<1>' [/home/kacper/Programs/Enigma/FPGA/Enigma/Nexys3_master.ucf:149]
CRITICAL WARNING: [Constraints 18-11] Could not find net or pin 'clr<1>' [/home/kacper/Programs/Enigma/FPGA/Enigma/Nexys3_master.ucf:149]
Finished Parsing UCF File [/home/kacper/Programs/Enigma/FPGA/Enigma/Nexys3_master.ucf]
INFO: [Designutils 20-20] Invalid constraints found, use command 'write_ucf -constraints invalid <file>' to save all the invalid constraints to a file
INFO: [Project 1-111] Unisim Transformation Summary:
No Unisim elements were transformed.

Phase 0 | Netlist Checksum: b6abe00f
update_compile_order -fileset sim_1
ERROR: [#UNDEF] *** Exception: java.lang.NumberFormatException: For input string: "2,04932" (See /home/kacper/Programs/Enigma/FPGA/Enigma/planAhead_pid41675.debug)
ERROR: [#UNDEF] *** Exception: java.lang.NumberFormatException: For input string: "2,04932" (See /home/kacper/Programs/Enigma/FPGA/Enigma/planAhead_pid41675.debug)
ERROR: [#UNDEF] *** Exception: java.lang.NumberFormatException: For input string: "2,04932" (See /home/kacper/Programs/Enigma/FPGA/Enigma/planAhead_pid41675.debug)
ERROR: [#UNDEF] *** Exception: java.lang.NumberFormatException: For input string: "2,04932" (See /home/kacper/Programs/Enigma/FPGA/Enigma/planAhead_pid41675.debug)
ERROR: [#UNDEF] *** Exception: java.lang.NumberFormatException: For input string: "2,04932" (See /home/kacper/Programs/Enigma/FPGA/Enigma/planAhead_pid41675.debug)
ERROR: [#UNDEF] *** Exception: java.lang.NumberFormatException: For input string: "2,04932" (See /home/kacper/Programs/Enigma/FPGA/Enigma/planAhead_pid41675.debug)
ERROR: [#UNDEF] *** Exception: java.lang.NumberFormatException: For input string: "2,04932" (See /home/kacper/Programs/Enigma/FPGA/Enigma/planAhead_pid41675.debug)
ERROR: [#UNDEF] *** Exception: java.lang.NumberFormatException: For input string: "2,04932" (See /home/kacper/Programs/Enigma/FPGA/Enigma/planAhead_pid41675.debug)
ERROR: [#UNDEF] *** Exception: java.lang.NumberFormatException: For input string: "2,04932" (See /home/kacper/Programs/Enigma/FPGA/Enigma/planAhead_pid41675.debug)
ERROR: [#UNDEF] *** Exception: java.lang.NumberFormatException: For input string: "2,04932" (See /home/kacper/Programs/Enigma/FPGA/Enigma/planAhead_pid41675.debug)
ERROR: [#UNDEF] *** Exception: java.lang.NumberFormatException: For input string: "2,04932" (See /home/kacper/Programs/Enigma/FPGA/Enigma/planAhead_pid41675.debug)
ERROR: [#UNDEF] *** Exception: java.lang.NumberFormatException: For input string: "2,04932" (See /home/kacper/Programs/Enigma/FPGA/Enigma/planAhead_pid41675.debug)
ERROR: [#UNDEF] *** Exception: java.lang.NumberFormatException: For input string: "2,04932" (See /home/kacper/Programs/Enigma/FPGA/Enigma/planAhead_pid41675.debug)
ERROR: [#UNDEF] *** Exception: java.lang.NumberFormatException: For input string: "2,04932" (See /home/kacper/Programs/Enigma/FPGA/Enigma/planAhead_pid41675.debug)
ERROR: [#UNDEF] *** Exception: java.lang.NumberFormatException: For input string: "2,04932" (See /home/kacper/Programs/Enigma/FPGA/Enigma/planAhead_pid41675.debug)
ERROR: [#UNDEF] *** Exception: java.lang.NumberFormatException: For input string: "2,04932" (See /home/kacper/Programs/Enigma/FPGA/Enigma/planAhead_pid41675.debug)
ERROR: [#UNDEF] *** Exception: java.lang.NumberFormatException: For input string: "2,04932" (See /home/kacper/Programs/Enigma/FPGA/Enigma/planAhead_pid41675.debug)
ERROR: [#UNDEF] *** Exception: java.lang.NumberFormatException: For input string: "2,04932" (See /home/kacper/Programs/Enigma/FPGA/Enigma/planAhead_pid41675.debug)
ERROR: [#UNDEF] *** Exception: java.lang.NumberFormatException: For input string: "2,04932" (See /home/kacper/Programs/Enigma/FPGA/Enigma/planAhead_pid41675.debug)
ERROR: [#UNDEF] *** Exception: java.lang.NumberFormatException: For input string: "2,04932" (See /home/kacper/Programs/Enigma/FPGA/Enigma/planAhead_pid41675.debug)
ERROR: [#UNDEF] *** Exception: java.lang.NumberFormatException: For input string: "2,04932" (See /home/kacper/Programs/Enigma/FPGA/Enigma/planAhead_pid41675.debug)
ERROR: [#UNDEF] *** Exception: java.lang.NumberFormatException: For input string: "2,04932" (See /home/kacper/Programs/Enigma/FPGA/Enigma/planAhead_pid41675.debug)
ERROR: [#UNDEF] *** Exception: java.lang.NumberFormatException: For input string: "2,04932" (See /home/kacper/Programs/Enigma/FPGA/Enigma/planAhead_pid41675.debug)
ERROR: [#UNDEF] *** Exception: java.lang.NumberFormatException: For input string: "2,04932" (See /home/kacper/Programs/Enigma/FPGA/Enigma/planAhead_pid41675.debug)
ERROR: [#UNDEF] *** Exception: java.lang.NumberFormatException: For input string: "2,04932" (See /home/kacper/Programs/Enigma/FPGA/Enigma/planAhead_pid41675.debug)
ERROR: [#UNDEF] *** Exception: java.lang.NumberFormatException: For input string: "2,04932" (See /home/kacper/Programs/Enigma/FPGA/Enigma/planAhead_pid41675.debug)
ERROR: [#UNDEF] *** Exception: java.lang.NumberFormatException: For input string: "2,04932" (See /home/kacper/Programs/Enigma/FPGA/Enigma/planAhead_pid41675.debug)
ERROR: [#UNDEF] *** Exception: java.lang.NumberFormatException: For input string: "2,04932" (See /home/kacper/Programs/Enigma/FPGA/Enigma/planAhead_pid41675.debug)
ERROR: [#UNDEF] *** Exception: java.lang.NumberFormatException: For input string: "2,04932" (See /home/kacper/Programs/Enigma/FPGA/Enigma/planAhead_pid41675.debug)
ERROR: [#UNDEF] *** Exception: java.lang.NumberFormatException: For input string: "2,04932" (See /home/kacper/Programs/Enigma/FPGA/Enigma/planAhead_pid41675.debug)
ERROR: [#UNDEF] *** Exception: java.lang.NumberFormatException: For input string: "2,04932" (See /home/kacper/Programs/Enigma/FPGA/Enigma/planAhead_pid41675.debug)
ERROR: [#UNDEF] *** Exception: java.lang.NumberFormatException: For input string: "2,04932" (See /home/kacper/Programs/Enigma/FPGA/Enigma/planAhead_pid41675.debug)
ERROR: [#UNDEF] *** Exception: java.lang.NumberFormatException: For input string: "2,04932" (See /home/kacper/Programs/Enigma/FPGA/Enigma/planAhead_pid41675.debug)
ERROR: [#UNDEF] *** Exception: java.lang.NumberFormatException: For input string: "2,04932" (See /home/kacper/Programs/Enigma/FPGA/Enigma/planAhead_pid41675.debug)
ERROR: [#UNDEF] *** Exception: java.lang.NumberFormatException: For input string: "2,04932" (See /home/kacper/Programs/Enigma/FPGA/Enigma/planAhead_pid41675.debug)
ERROR: [#UNDEF] *** Exception: java.lang.NumberFormatException: For input string: "2,04932" (See /home/kacper/Programs/Enigma/FPGA/Enigma/planAhead_pid41675.debug)
ERROR: [#UNDEF] *** Exception: java.lang.NumberFormatException: For input string: "2,04932" (See /home/kacper/Programs/Enigma/FPGA/Enigma/planAhead_pid41675.debug)
ERROR: [#UNDEF] *** Exception: java.lang.NumberFormatException: For input string: "2,04932" (See /home/kacper/Programs/Enigma/FPGA/Enigma/planAhead_pid41675.debug)
ERROR: [#UNDEF] *** Exception: java.lang.NumberFormatException: For input string: "2,04932" (See /home/kacper/Programs/Enigma/FPGA/Enigma/planAhead_pid41675.debug)
ERROR: [#UNDEF] *** Exception: java.lang.NumberFormatException: For input string: "2,04932" (See /home/kacper/Programs/Enigma/FPGA/Enigma/planAhead_pid41675.debug)
ERROR: [#UNDEF] *** Exception: java.lang.NumberFormatException: For input string: "2,04932" (See /home/kacper/Programs/Enigma/FPGA/Enigma/planAhead_pid41675.debug)
ERROR: [#UNDEF] *** Exception: java.lang.NumberFormatException: For input string: "2,04932" (See /home/kacper/Programs/Enigma/FPGA/Enigma/planAhead_pid41675.debug)
ERROR: [#UNDEF] *** Exception: java.lang.NumberFormatException: For input string: "2,04932" (See /home/kacper/Programs/Enigma/FPGA/Enigma/planAhead_pid41675.debug)
ERROR: [#UNDEF] *** Exception: java.lang.NumberFormatException: For input string: "2,04932" (See /home/kacper/Programs/Enigma/FPGA/Enigma/planAhead_pid41675.debug)
ERROR: [#UNDEF] *** Exception: java.lang.NumberFormatException: For input string: "2,04932" (See /home/kacper/Programs/Enigma/FPGA/Enigma/planAhead_pid41675.debug)
ERROR: [#UNDEF] *** Exception: java.lang.NumberFormatException: For input string: "2,04932" (See /home/kacper/Programs/Enigma/FPGA/Enigma/planAhead_pid41675.debug)
ERROR: [#UNDEF] *** Exception: java.lang.NumberFormatException: For input string: "2,04932" (See /home/kacper/Programs/Enigma/FPGA/Enigma/planAhead_pid41675.debug)
ERROR: [#UNDEF] *** Exception: java.lang.NumberFormatException: For input string: "2,04932" (See /home/kacper/Programs/Enigma/FPGA/Enigma/planAhead_pid41675.debug)
ERROR: [#UNDEF] *** Exception: java.lang.NumberFormatException: For input string: "2,04932" (See /home/kacper/Programs/Enigma/FPGA/Enigma/planAhead_pid41675.debug)
ERROR: [#UNDEF] *** Exception: java.lang.NumberFormatException: For input string: "2,04932" (See /home/kacper/Programs/Enigma/FPGA/Enigma/planAhead_pid41675.debug)
ERROR: [#UNDEF] *** Exception: java.lang.NumberFormatException: For input string: "2,04932" (See /home/kacper/Programs/Enigma/FPGA/Enigma/planAhead_pid41675.debug)
ERROR: [#UNDEF] *** Exception: java.lang.NumberFormatException: For input string: "2,04932" (See /home/kacper/Programs/Enigma/FPGA/Enigma/planAhead_pid41675.debug)
ERROR: [#UNDEF] *** Exception: java.lang.NumberFormatException: For input string: "2,04932" (See /home/kacper/Programs/Enigma/FPGA/Enigma/planAhead_pid41675.debug)
ERROR: [#UNDEF] *** Exception: java.lang.NumberFormatException: For input string: "2,04932" (See /home/kacper/Programs/Enigma/FPGA/Enigma/planAhead_pid41675.debug)
ERROR: [#UNDEF] *** Exception: java.lang.NumberFormatException: For input string: "2,04932" (See /home/kacper/Programs/Enigma/FPGA/Enigma/planAhead_pid41675.debug)
ERROR: [#UNDEF] *** Exception: java.lang.NumberFormatException: For input string: "2,04932" (See /home/kacper/Programs/Enigma/FPGA/Enigma/planAhead_pid41675.debug)
ERROR: [#UNDEF] *** Exception: java.lang.NumberFormatException: For input string: "2,04932" (See /home/kacper/Programs/Enigma/FPGA/Enigma/planAhead_pid41675.debug)
ERROR: [#UNDEF] *** Exception: java.lang.NumberFormatException: For input string: "2,04932" (See /home/kacper/Programs/Enigma/FPGA/Enigma/planAhead_pid41675.debug)
ERROR: [#UNDEF] *** Exception: java.lang.NumberFormatException: For input string: "2,04932" (See /home/kacper/Programs/Enigma/FPGA/Enigma/planAhead_pid41675.debug)
ERROR: [#UNDEF] *** Exception: java.lang.NumberFormatException: For input string: "2,04932" (See /home/kacper/Programs/Enigma/FPGA/Enigma/planAhead_pid41675.debug)
ERROR: [#UNDEF] *** Exception: java.lang.NumberFormatException: For input string: "2,04932" (See /home/kacper/Programs/Enigma/FPGA/Enigma/planAhead_pid41675.debug)
ERROR: [#UNDEF] *** Exception: java.lang.NumberFormatException: For input string: "2,04932" (See /home/kacper/Programs/Enigma/FPGA/Enigma/planAhead_pid41675.debug)
ERROR: [#UNDEF] *** Exception: java.lang.NumberFormatException: For input string: "2,04932" (See /home/kacper/Programs/Enigma/FPGA/Enigma/planAhead_pid41675.debug)
ERROR: [#UNDEF] *** Exception: java.lang.NumberFormatException: For input string: "2,04932" (See /home/kacper/Programs/Enigma/FPGA/Enigma/planAhead_pid41675.debug)
ERROR: [#UNDEF] *** Exception: java.lang.NumberFormatException: For input string: "2,04932" (See /home/kacper/Programs/Enigma/FPGA/Enigma/planAhead_pid41675.debug)
ERROR: [#UNDEF] *** Exception: java.lang.NumberFormatException: For input string: "2,04932" (See /home/kacper/Programs/Enigma/FPGA/Enigma/planAhead_pid41675.debug)
ERROR: [#UNDEF] *** Exception: java.lang.NumberFormatException: For input string: "2,04932" (See /home/kacper/Programs/Enigma/FPGA/Enigma/planAhead_pid41675.debug)
ERROR: [#UNDEF] *** Exception: java.lang.NumberFormatException: For input string: "2,04932" (See /home/kacper/Programs/Enigma/FPGA/Enigma/planAhead_pid41675.debug)
ERROR: [#UNDEF] *** Exception: java.lang.NumberFormatException: For input string: "2,04932" (See /home/kacper/Programs/Enigma/FPGA/Enigma/planAhead_pid41675.debug)
ERROR: [#UNDEF] *** Exception: java.lang.NumberFormatException: For input string: "2,04932" (See /home/kacper/Programs/Enigma/FPGA/Enigma/planAhead_pid41675.debug)
ERROR: [#UNDEF] *** Exception: java.lang.NumberFormatException: For input string: "2,04932" (See /home/kacper/Programs/Enigma/FPGA/Enigma/planAhead_pid41675.debug)
ERROR: [#UNDEF] *** Exception: java.lang.NumberFormatException: For input string: "2,04932" (See /home/kacper/Programs/Enigma/FPGA/Enigma/planAhead_pid41675.debug)
ERROR: [#UNDEF] *** Exception: java.lang.NumberFormatException: For input string: "2,04932" (See /home/kacper/Programs/Enigma/FPGA/Enigma/planAhead_pid41675.debug)
ERROR: [#UNDEF] *** Exception: java.lang.NumberFormatException: For input string: "2,04932" (See /home/kacper/Programs/Enigma/FPGA/Enigma/planAhead_pid41675.debug)
ERROR: [#UNDEF] *** Exception: java.lang.NumberFormatException: For input string: "2,04932" (See /home/kacper/Programs/Enigma/FPGA/Enigma/planAhead_pid41675.debug)
ERROR: [#UNDEF] *** Exception: java.lang.NumberFormatException: For input string: "2,04932" (See /home/kacper/Programs/Enigma/FPGA/Enigma/planAhead_pid41675.debug)
ERROR: [#UNDEF] *** Exception: java.lang.NumberFormatException: For input string: "2,04932" (See /home/kacper/Programs/Enigma/FPGA/Enigma/planAhead_pid41675.debug)
ERROR: [#UNDEF] *** Exception: java.lang.NumberFormatException: For input string: "2,04932" (See /home/kacper/Programs/Enigma/FPGA/Enigma/planAhead_pid41675.debug)
ERROR: [#UNDEF] *** Exception: java.lang.NumberFormatException: For input string: "2,04932" (See /home/kacper/Programs/Enigma/FPGA/Enigma/planAhead_pid41675.debug)
ERROR: [#UNDEF] *** Exception: java.lang.NumberFormatException: For input string: "2,04932" (See /home/kacper/Programs/Enigma/FPGA/Enigma/planAhead_pid41675.debug)
ERROR: [#UNDEF] *** Exception: java.lang.NumberFormatException: For input string: "2,04932" (See /home/kacper/Programs/Enigma/FPGA/Enigma/planAhead_pid41675.debug)
ERROR: [#UNDEF] *** Exception: java.lang.NumberFormatException: For input string: "2,04932" (See /home/kacper/Programs/Enigma/FPGA/Enigma/planAhead_pid41675.debug)
ERROR: [#UNDEF] *** Exception: java.lang.NumberFormatException: For input string: "2,04932" (See /home/kacper/Programs/Enigma/FPGA/Enigma/planAhead_pid41675.debug)
ERROR: [#UNDEF] *** Exception: java.lang.NumberFormatException: For input string: "2,04932" (See /home/kacper/Programs/Enigma/FPGA/Enigma/planAhead_pid41675.debug)
ERROR: [#UNDEF] *** Exception: java.lang.NumberFormatException: For input string: "2,04932" (See /home/kacper/Programs/Enigma/FPGA/Enigma/planAhead_pid41675.debug)
ERROR: [#UNDEF] *** Exception: java.lang.NumberFormatException: For input string: "2,04932" (See /home/kacper/Programs/Enigma/FPGA/Enigma/planAhead_pid41675.debug)
ERROR: [#UNDEF] *** Exception: java.lang.NumberFormatException: For input string: "2,04932" (See /home/kacper/Programs/Enigma/FPGA/Enigma/planAhead_pid41675.debug)
ERROR: [#UNDEF] *** Exception: java.lang.NumberFormatException: For input string: "2,04932" (See /home/kacper/Programs/Enigma/FPGA/Enigma/planAhead_pid41675.debug)
ERROR: [#UNDEF] *** Exception: java.lang.NumberFormatException: For input string: "2,04932" (See /home/kacper/Programs/Enigma/FPGA/Enigma/planAhead_pid41675.debug)
ERROR: [#UNDEF] *** Exception: java.lang.NumberFormatException: For input string: "2,04932" (See /home/kacper/Programs/Enigma/FPGA/Enigma/planAhead_pid41675.debug)
ERROR: [#UNDEF] *** Exception: java.lang.NumberFormatException: For input string: "2,04932" (See /home/kacper/Programs/Enigma/FPGA/Enigma/planAhead_pid41675.debug)
ERROR: [#UNDEF] *** Exception: java.lang.NumberFormatException: For input string: "2,04932" (See /home/kacper/Programs/Enigma/FPGA/Enigma/planAhead_pid41675.debug)
ERROR: [#UNDEF] *** Exception: java.lang.NumberFormatException: For input string: "2,04932" (See /home/kacper/Programs/Enigma/FPGA/Enigma/planAhead_pid41675.debug)
ERROR: [#UNDEF] *** Exception: java.lang.NumberFormatException: For input string: "2,04932" (See /home/kacper/Programs/Enigma/FPGA/Enigma/planAhead_pid41675.debug)
ERROR: [#UNDEF] *** Exception: java.lang.NumberFormatException: For input string: "2,04932" (See /home/kacper/Programs/Enigma/FPGA/Enigma/planAhead_pid41675.debug)
ERROR: [#UNDEF] *** Exception: java.lang.NumberFormatException: For input string: "2,04932" (See /home/kacper/Programs/Enigma/FPGA/Enigma/planAhead_pid41675.debug)
ERROR: [#UNDEF] *** Exception: java.lang.NumberFormatException: For input string: "2,04932" (See /home/kacper/Programs/Enigma/FPGA/Enigma/planAhead_pid41675.debug)
ERROR: [#UNDEF] *** Exception: java.lang.NumberFormatException: For input string: "2,04932" (See /home/kacper/Programs/Enigma/FPGA/Enigma/planAhead_pid41675.debug)
ERROR: [#UNDEF] *** Exception: java.lang.NumberFormatException: For input string: "2,04932" (See /home/kacper/Programs/Enigma/FPGA/Enigma/planAhead_pid41675.debug)
ERROR: [#UNDEF] *** Exception: java.lang.NumberFormatException: For input string: "2,04932" (See /home/kacper/Programs/Enigma/FPGA/Enigma/planAhead_pid41675.debug)
ERROR: [#UNDEF] *** Exception: java.lang.NumberFormatException: For input string: "2,04932" (See /home/kacper/Programs/Enigma/FPGA/Enigma/planAhead_pid41675.debug)
ERROR: [#UNDEF] *** Exception: java.lang.NumberFormatException: For input string: "2,04932" (See /home/kacper/Programs/Enigma/FPGA/Enigma/planAhead_pid41675.debug)
ERROR: [#UNDEF] *** Exception: java.lang.NumberFormatException: For input string: "2,04932" (See /home/kacper/Programs/Enigma/FPGA/Enigma/planAhead_pid41675.debug)
ERROR: [#UNDEF] *** Exception: java.lang.NumberFormatException: For input string: "2,04932" (See /home/kacper/Programs/Enigma/FPGA/Enigma/planAhead_pid41675.debug)
ERROR: [#UNDEF] *** Exception: java.lang.NumberFormatException: For input string: "2,04932" (See /home/kacper/Programs/Enigma/FPGA/Enigma/planAhead_pid41675.debug)
ERROR: [#UNDEF] *** Exception: java.lang.NumberFormatException: For input string: "2,04932" (See /home/kacper/Programs/Enigma/FPGA/Enigma/planAhead_pid41675.debug)
ERROR: [#UNDEF] *** Exception: java.lang.NumberFormatException: For input string: "2,04932" (See /home/kacper/Programs/Enigma/FPGA/Enigma/planAhead_pid41675.debug)
ERROR: [#UNDEF] *** Exception: java.lang.NumberFormatException: For input string: "2,04932" (See /home/kacper/Programs/Enigma/FPGA/Enigma/planAhead_pid41675.debug)
ERROR: [#UNDEF] *** Exception: java.lang.NumberFormatException: For input string: "2,04932" (See /home/kacper/Programs/Enigma/FPGA/Enigma/planAhead_pid41675.debug)
ERROR: [#UNDEF] *** Exception: java.lang.NumberFormatException: For input string: "2,04932" (See /home/kacper/Programs/Enigma/FPGA/Enigma/planAhead_pid41675.debug)
ERROR: [#UNDEF] *** Exception: java.lang.NumberFormatException: For input string: "2,04932" (See /home/kacper/Programs/Enigma/FPGA/Enigma/planAhead_pid41675.debug)
ERROR: [#UNDEF] *** Exception: java.lang.NumberFormatException: For input string: "2,04932" (See /home/kacper/Programs/Enigma/FPGA/Enigma/planAhead_pid41675.debug)
ERROR: [#UNDEF] *** Exception: java.lang.NumberFormatException: For input string: "2,04932" (See /home/kacper/Programs/Enigma/FPGA/Enigma/planAhead_pid41675.debug)
ERROR: [#UNDEF] *** Exception: java.lang.NumberFormatException: For input string: "2,04932" (See /home/kacper/Programs/Enigma/FPGA/Enigma/planAhead_pid41675.debug)
ERROR: [#UNDEF] *** Exception: java.lang.NumberFormatException: For input string: "2,04932" (See /home/kacper/Programs/Enigma/FPGA/Enigma/planAhead_pid41675.debug)
ERROR: [#UNDEF] *** Exception: java.lang.NumberFormatException: For input string: "2,04932" (See /home/kacper/Programs/Enigma/FPGA/Enigma/planAhead_pid41675.debug)
ERROR: [#UNDEF] *** Exception: java.lang.NumberFormatException: For input string: "2,04932" (See /home/kacper/Programs/Enigma/FPGA/Enigma/planAhead_pid41675.debug)
ERROR: [#UNDEF] *** Exception: java.lang.NumberFormatException: For input string: "2,04932" (See /home/kacper/Programs/Enigma/FPGA/Enigma/planAhead_pid41675.debug)
ERROR: [#UNDEF] *** Exception: java.lang.NumberFormatException: For input string: "2,04932" (See /home/kacper/Programs/Enigma/FPGA/Enigma/planAhead_pid41675.debug)
ERROR: [#UNDEF] *** Exception: java.lang.NumberFormatException: For input string: "2,04932" (See /home/kacper/Programs/Enigma/FPGA/Enigma/planAhead_pid41675.debug)
ERROR: [#UNDEF] *** Exception: java.lang.NumberFormatException: For input string: "2,04932" (See /home/kacper/Programs/Enigma/FPGA/Enigma/planAhead_pid41675.debug)
ERROR: [#UNDEF] *** Exception: java.lang.NumberFormatException: For input string: "2,04932" (See /home/kacper/Programs/Enigma/FPGA/Enigma/planAhead_pid41675.debug)
ERROR: [#UNDEF] *** Exception: java.lang.NumberFormatException: For input string: "2,04932" (See /home/kacper/Programs/Enigma/FPGA/Enigma/planAhead_pid41675.debug)
ERROR: [#UNDEF] *** Exception: java.lang.NumberFormatException: For input string: "2,04932" (See /home/kacper/Programs/Enigma/FPGA/Enigma/planAhead_pid41675.debug)
ERROR: [#UNDEF] *** Exception: java.lang.NumberFormatException: For input string: "2,04932" (See /home/kacper/Programs/Enigma/FPGA/Enigma/planAhead_pid41675.debug)
ERROR: [#UNDEF] *** Exception: java.lang.NumberFormatException: For input string: "2,04932" (See /home/kacper/Programs/Enigma/FPGA/Enigma/planAhead_pid41675.debug)
ERROR: [#UNDEF] *** Exception: java.lang.NumberFormatException: For input string: "2,04932" (See /home/kacper/Programs/Enigma/FPGA/Enigma/planAhead_pid41675.debug)
ERROR: [#UNDEF] *** Exception: java.lang.NumberFormatException: For input string: "2,04932" (See /home/kacper/Programs/Enigma/FPGA/Enigma/planAhead_pid41675.debug)
ERROR: [#UNDEF] *** Exception: java.lang.NumberFormatException: For input string: "2,04932" (See /home/kacper/Programs/Enigma/FPGA/Enigma/planAhead_pid41675.debug)
ERROR: [#UNDEF] *** Exception: java.lang.NumberFormatException: For input string: "2,04932" (See /home/kacper/Programs/Enigma/FPGA/Enigma/planAhead_pid41675.debug)
exit
INFO: [Common 17-206] Exiting PlanAhead at Wed Dec 27 22:53:10 2023...
INFO: [Common 17-83] Releasing license: PlanAhead
